<?xml version="1.0" encoding="UTF-8"?>
<!-- Generated by org.testng.reporters.JUnitXMLReporter -->
<testsuite ignored="0" hostname="DESKTOP-PI1E5HG" failures="0" tests="3" name="Default test" time="21.275" errors="0" timestamp="2023-09-07T19:55:32 IST">
  <testcase classname="vishwalearning.SubmitOrderTest" name="SubmitOrder" time="3.146"/>
  <testcase classname="vishwalearning.SubmitOrderTest" name="SubmitOrder" time="14.318"/>
  <testcase classname="vishwalearning.SubmitOrderTest" name="orderHistoryTest" time="0.692"/>
</testsuite> <!-- Default test -->
