<?xml version="1.0" encoding="UTF-8"?>
<testng-results ignored="0" total="3" passed="3" failed="0" skipped="0">
  <reporter-output>
  </reporter-output>
  <suite started-at="2023-09-07T19:55:11 IST" name="Default suite" finished-at="2023-09-07T19:55:32 IST" duration-ms="21275">
    <groups>
      <group name="purchase">
        <method signature="SubmitOrderTest.SubmitOrder(java.util.HashMap)[pri:0, instance:vishwalearning.SubmitOrderTest@72cc7e6f]" name="SubmitOrder" class="vishwalearning.SubmitOrderTest"/>
      </group> <!-- purchase -->
    </groups>
    <test started-at="2023-09-07T19:55:11 IST" name="Default test" finished-at="2023-09-07T19:55:32 IST" duration-ms="21275">
      <class name="vishwalearning.SubmitOrderTest">
        <test-method is-config="true" signature="launchApplication()[pri:0, instance:vishwalearning.SubmitOrderTest@72cc7e6f]" started-at="2023-09-07T19:55:11 IST" name="launchApplication" finished-at="2023-09-07T19:55:14 IST" duration-ms="2749" status="PASS">
          <reporter-output>
          </reporter-output>
        </test-method> <!-- launchApplication -->
        <test-method signature="SubmitOrder(java.util.HashMap)[pri:0, instance:vishwalearning.SubmitOrderTest@72cc7e6f]" started-at="2023-09-07T19:55:14 IST" name="SubmitOrder" data-provider="getData" finished-at="2023-09-07T19:55:17 IST" duration-ms="3146" status="PASS">
          <params>
            <param index="0">
              <value>
                <![CDATA[{Product=ZARA COAT 3, password=Visu00)), email=visuskc@gmail.com}]]>
              </value>
            </param>
          </params>
          <reporter-output>
          </reporter-output>
        </test-method> <!-- SubmitOrder -->
        <test-method signature="SubmitOrder(java.util.HashMap)[pri:0, instance:vishwalearning.SubmitOrderTest@72cc7e6f]" started-at="2023-09-07T19:55:17 IST" name="SubmitOrder" data-provider="getData" finished-at="2023-09-07T19:55:32 IST" duration-ms="14318" status="PASS">
          <params>
            <param index="0">
              <value>
                <![CDATA[{Product=ADIDAS ORIGINAL, password=Visu00)), email=visuskc@gmail.com}]]>
              </value>
            </param>
          </params>
          <reporter-output>
          </reporter-output>
        </test-method> <!-- SubmitOrder -->
        <test-method signature="orderHistoryTest()[pri:0, instance:vishwalearning.SubmitOrderTest@72cc7e6f]" started-at="2023-09-07T19:55:32 IST" name="orderHistoryTest" finished-at="2023-09-07T19:55:32 IST" depends-on-methods="vishwalearning.SubmitOrderTest.SubmitOrder" duration-ms="692" status="PASS">
          <reporter-output>
          </reporter-output>
        </test-method> <!-- orderHistoryTest -->
        <test-method is-config="true" signature="tearDown()[pri:0, instance:vishwalearning.SubmitOrderTest@72cc7e6f]" started-at="2023-09-07T19:55:32 IST" name="tearDown" finished-at="2023-09-07T19:55:32 IST" duration-ms="78" status="PASS">
          <reporter-output>
          </reporter-output>
        </test-method> <!-- tearDown -->
      </class> <!-- vishwalearning.SubmitOrderTest -->
    </test> <!-- Default test -->
  </suite> <!-- Default suite -->
</testng-results>
