<?xml version="1.0" encoding="UTF-8"?>
<!-- Generated by org.testng.reporters.JUnitReportReporter -->
<testsuite hostname="DESKTOP-PI1E5HG" failures="0" tests="3" name="vishwalearning.SubmitOrderTest" time="18.156" errors="0" timestamp="2023-09-07T19:55:33 IST" skipped="0">
  <testcase classname="vishwalearning.SubmitOrderTest" name="orderHistoryTest" time="0.692"/>
  <testcase classname="vishwalearning.SubmitOrderTest" name="SubmitOrder" time="3.146"/>
  <testcase classname="vishwalearning.SubmitOrderTest" name="SubmitOrder" time="14.318"/>
</testsuite> <!-- vishwalearning.SubmitOrderTest -->
